Arguments: 
  /usr/local/bin/node /opt/yarn-v1.22.5/bin/yarn.js

PATH: 
  /usr/local/sbin:/usr/local/bin:/usr/sbin:/usr/bin:/sbin:/bin

Yarn version: 
  1.22.5

Node version: 
  14.17.6

Platform: 
  linux x64

Trace: 
  Error: ENOENT: no such file or directory, copyfile '/usr/local/share/.cache/yarn/v6/npm-dom-serializer-1.3.2-6206437d32ceefaec7161803230c7a20bc1b4d91-integrity/node_modules/dom-serializer/lib/foreignNames.d.ts' -> '/app/website/node_modules/dom-serializer/lib/foreignNames.d.ts'

npm manifest: 
  {
    "name": "manabitv",
    "version": "1.0.0",
    "author": "reco_luan",
    "scripts": {
      "dev": "vuepress dev . --open --host \"localhost\"",
      "build": "vuepress build ."
    },
    "devDependencies": {
      "vuepress": "1.8.2",
      "vuepress-theme-reco": "1.6.6"
    },
    "description": "manabitv"
  }

yarn manifest: 
  No manifest

Lockfile: 
  No lockfile
